<?xml version="1.0" encoding="UTF-8"?>
<!-- Generated by org.testng.reporters.JUnitReportReporter -->
<testsuite hostname="LAPTOP-A3G53V5J" failures="0" tests="1" name="test.CartTest" time="28.980" errors="0" timestamp="2025-04-26T22:23:00 EDT" skipped="0">
  <testcase classname="test.CartTest" name="testProduct" time="28.980"/>
</testsuite> <!-- test.CartTest -->
