<?xml version="1.0" encoding="UTF-8"?>
<!-- Generated by org.testng.reporters.JUnitReportReporter -->
<testsuite hostname="LAPTOP-A3G53V5J" failures="0" tests="1" name="test.LoginTest" time="4.718" errors="0" timestamp="2025-04-26T21:02:59 EDT" skipped="0">
  <testcase classname="test.LoginTest" name="testLogin" time="4.718"/>
</testsuite> <!-- test.LoginTest -->
